Started GET "/" for ::1 at 2023-09-23 11:58:28 +0530
Processing by Rails::WelcomeController#index as HTML
  Rendering /Users/gowtham.kuppusamy/.rbenv/versions/3.2.2/lib/ruby/gems/3.2.0/gems/railties-7.0.8/lib/rails/templates/rails/welcome/index.html.erb
  Rendered /Users/gowtham.kuppusamy/.rbenv/versions/3.2.2/lib/ruby/gems/3.2.0/gems/railties-7.0.8/lib/rails/templates/rails/welcome/index.html.erb (Duration: 5.3ms | Allocations: 633)
Completed 200 OK in 81ms (Views: 25.1ms | ActiveRecord: 0.0ms | Allocations: 7367)


  [1m[35m (7.8ms)[0m  [1m[35mCREATE TABLE "schema_migrations" ("version" varchar NOT NULL PRIMARY KEY)[0m
  [1m[35m (2.6ms)[0m  [1m[35mCREATE TABLE "ar_internal_metadata" ("key" varchar NOT NULL PRIMARY KEY, "value" varchar, "created_at" datetime(6) NOT NULL, "updated_at" datetime(6) NOT NULL)[0m
  [1m[36mActiveRecord::SchemaMigration Pluck (1.7ms)[0m  [1m[34mSELECT "schema_migrations"."version" FROM "schema_migrations" ORDER BY "schema_migrations"."version" ASC[0m
Migrating to CreatePosts (20230923062934)
  [1m[36mTRANSACTION (0.1ms)[0m  [1m[36mbegin transaction[0m
  [1m[35m (0.5ms)[0m  [1m[35mCREATE TABLE "posts" ("id" integer PRIMARY KEY AUTOINCREMENT NOT NULL, "title" varchar, "content" text, "created_at" datetime(6) NOT NULL, "updated_at" datetime(6) NOT NULL)[0m
  [1m[36mActiveRecord::SchemaMigration Create (1.3ms)[0m  [1m[32mINSERT INTO "schema_migrations" ("version") VALUES (?)[0m  [["version", "20230923062934"]]
  [1m[36mTRANSACTION (2.3ms)[0m  [1m[36mcommit transaction[0m
  [1m[36mActiveRecord::InternalMetadata Load (0.2ms)[0m  [1m[34mSELECT "ar_internal_metadata".* FROM "ar_internal_metadata" WHERE "ar_internal_metadata"."key" = ? LIMIT ?[0m  [["key", "environment"], ["LIMIT", 1]]
  [1m[36mTRANSACTION (0.1ms)[0m  [1m[36mbegin transaction[0m
  [1m[36mActiveRecord::InternalMetadata Create (0.6ms)[0m  [1m[32mINSERT INTO "ar_internal_metadata" ("key", "value", "created_at", "updated_at") VALUES (?, ?, ?, ?)[0m  [["key", "environment"], ["value", "development"], ["created_at", "2023-09-23 06:29:42.280992"], ["updated_at", "2023-09-23 06:29:42.280992"]]
  [1m[36mTRANSACTION (1.9ms)[0m  [1m[36mcommit transaction[0m
  [1m[36mActiveRecord::SchemaMigration Pluck (0.2ms)[0m  [1m[34mSELECT "schema_migrations"."version" FROM "schema_migrations" ORDER BY "schema_migrations"."version" ASC[0m
Started GET "/" for ::1 at 2023-09-23 12:00:18 +0530
  [1m[36mActiveRecord::SchemaMigration Pluck (1.6ms)[0m  [1m[34mSELECT "schema_migrations"."version" FROM "schema_migrations" ORDER BY "schema_migrations"."version" ASC[0m
Processing by PostsController#index as HTML
  Rendering layout layouts/application.html.erb
  Rendering posts/index.html.erb within layouts/application
  [1m[36mPost Load (1.1ms)[0m  [1m[34mSELECT "posts".* FROM "posts"[0m
  ↳ app/views/posts/index.html.erb:6
  Rendered posts/index.html.erb within layouts/application (Duration: 14.9ms | Allocations: 1666)
  Rendered layout layouts/application.html.erb (Duration: 655.7ms | Allocations: 90444)
Completed 200 OK in 708ms (Views: 664.1ms | ActiveRecord: 1.1ms | Allocations: 95078)


Started GET "/posts/new" for ::1 at 2023-09-23 12:00:22 +0530
Processing by PostsController#new as HTML
  Rendering layout layouts/application.html.erb
  Rendering posts/new.html.erb within layouts/application
  Rendered posts/_form.html.erb (Duration: 16.9ms | Allocations: 3021)
  Rendered posts/new.html.erb within layouts/application (Duration: 19.2ms | Allocations: 3347)
  Rendered layout layouts/application.html.erb (Duration: 23.2ms | Allocations: 5641)
Completed 200 OK in 36ms (Views: 23.8ms | ActiveRecord: 0.6ms | Allocations: 10209)


Started POST "/posts" for ::1 at 2023-09-23 12:00:42 +0530
Processing by PostsController#create as TURBO_STREAM
  Parameters: {"authenticity_token"=>"[FILTERED]", "post"=>{"title"=>"Sports", "content"=>"desc"}, "commit"=>"Create Post"}
  [1m[36mTRANSACTION (0.1ms)[0m  [1m[36mbegin transaction[0m
  ↳ app/controllers/posts_controller.rb:27:in `block in create'
  [1m[36mPost Create (2.4ms)[0m  [1m[32mINSERT INTO "posts" ("title", "content", "created_at", "updated_at") VALUES (?, ?, ?, ?)[0m  [["title", "Sports"], ["content", "desc"], ["created_at", "2023-09-23 06:30:42.330960"], ["updated_at", "2023-09-23 06:30:42.330960"]]
  ↳ app/controllers/posts_controller.rb:27:in `block in create'
  [1m[36mTRANSACTION (2.0ms)[0m  [1m[36mcommit transaction[0m
  ↳ app/controllers/posts_controller.rb:27:in `block in create'
Redirected to http://localhost:3000/posts/1
Completed 302 Found in 14ms (ActiveRecord: 4.4ms | Allocations: 3827)


Started GET "/posts/1" for ::1 at 2023-09-23 12:00:42 +0530
Processing by PostsController#show as TURBO_STREAM
  Parameters: {"id"=>"1"}
  [1m[36mPost Load (0.3ms)[0m  [1m[34mSELECT "posts".* FROM "posts" WHERE "posts"."id" = ? LIMIT ?[0m  [["id", 1], ["LIMIT", 1]]
  ↳ app/controllers/posts_controller.rb:63:in `set_post'
  Rendering layout layouts/application.html.erb
  Rendering posts/show.html.erb within layouts/application
  Rendered posts/_post.html.erb (Duration: 2.2ms | Allocations: 194)
  Rendered posts/show.html.erb within layouts/application (Duration: 13.6ms | Allocations: 1512)
  Rendered layout layouts/application.html.erb (Duration: 19.5ms | Allocations: 3790)
Completed 200 OK in 28ms (Views: 20.3ms | ActiveRecord: 0.3ms | Allocations: 6430)


Started GET "/posts" for ::1 at 2023-09-23 12:00:44 +0530
Processing by PostsController#index as HTML
  Rendering layout layouts/application.html.erb
  Rendering posts/index.html.erb within layouts/application
  [1m[36mPost Load (0.1ms)[0m  [1m[34mSELECT "posts".* FROM "posts"[0m
  ↳ app/views/posts/index.html.erb:6
  Rendered posts/_post.html.erb (Duration: 0.1ms | Allocations: 19)
  Rendered posts/index.html.erb within layouts/application (Duration: 4.0ms | Allocations: 1065)
  Rendered layout layouts/application.html.erb (Duration: 15.2ms | Allocations: 3350)
Completed 200 OK in 16ms (Views: 15.6ms | ActiveRecord: 0.1ms | Allocations: 3621)


